app/build/intermediates/manifest_merge_blame_file/debug/manifest-merger-blame-debug-report.txt
1<?xml version="1.0" encoding="utf-8"?>
2<manifest xmlns:android="http://schemas.android.com/apk/res/android"
3    package="com.example.aes"
4    android:versionCode="1"
5    android:versionName="1.0" >
6
7    <uses-sdk
8        android:minSdkVersion="21"
8-->src\main\AndroidManifest.xml
9        android:targetSdkVersion="31" />
9-->src\main\AndroidManifest.xml
10
11    <uses-permission android:name="android.permission.INTERNET" />
11-->[com.google.firebase:firebase-auth:21.0.1] AndroidManifest.xml:23:5-67
11-->[com.google.firebase:firebase-auth:21.0.1] AndroidManifest.xml:23:22-64
12    <uses-permission android:name="android.permission.ACCESS_NETWORK_STATE" />
12-->[com.google.firebase:firebase-auth:21.0.1] AndroidManifest.xml:24:5-79
12-->[com.google.firebase:firebase-auth:21.0.1] AndroidManifest.xml:24:22-76
13    <uses-permission android:name="android.permission.WAKE_LOCK" />
13-->[com.google.android.gms:play-services-measurement-api:20.0.0] AndroidManifest.xml:24:5-68
13-->[com.google.android.gms:play-services-measurement-api:20.0.0] AndroidManifest.xml:24:22-65
14    <uses-permission android:name="com.google.android.finsky.permission.BIND_GET_INSTALL_REFERRER_SERVICE" />
14-->[com.google.android.gms:play-services-measurement:20.0.0] AndroidManifest.xml:26:5-110
14-->[com.google.android.gms:play-services-measurement:20.0.0] AndroidManifest.xml:26:22-107
15
16    <application
16-->src\main\AndroidManifest.xml:5:5-55:19
17        android:allowBackup="true"
17-->src\main\AndroidManifest.xml:6:9-35
18        android:appComponentFactory="androidx.core.app.CoreComponentFactory"
18-->[androidx.core:core:1.7.0] AndroidManifest.xml:24:18-86
19        android:debuggable="true"
20        android:icon="@mipmap/ic_launcher"
20-->src\main\AndroidManifest.xml:7:9-43
21        android:label="@string/app_name"
21-->src\main\AndroidManifest.xml:8:9-41
22        android:roundIcon="@mipmap/ic_launcher_round"
22-->src\main\AndroidManifest.xml:9:9-54
23        android:supportsRtl="true"
23-->src\main\AndroidManifest.xml:10:9-35
24        android:testOnly="true"
25        android:theme="@style/Theme.AESAllEmergencyServices" >
25-->src\main\AndroidManifest.xml:11:9-61
26        <activity
26-->src\main\AndroidManifest.xml:12:9-14:40
27            android:name="com.example.aes.NewLoginActivity"
27-->src\main\AndroidManifest.xml:13:13-45
28            android:exported="false" />
28-->src\main\AndroidManifest.xml:14:13-37
29        <activity
29-->src\main\AndroidManifest.xml:15:9-17:40
30            android:name="com.example.aes.presetup.Login"
30-->src\main\AndroidManifest.xml:16:13-43
31            android:exported="false" />
31-->src\main\AndroidManifest.xml:17:13-37
32        <activity
32-->src\main\AndroidManifest.xml:18:9-20:40
33            android:name="com.example.aes.Contents.HowToSwipe"
33-->src\main\AndroidManifest.xml:19:13-48
34            android:exported="false" />
34-->src\main\AndroidManifest.xml:20:13-37
35        <activity
35-->src\main\AndroidManifest.xml:21:9-23:40
36            android:name="com.example.aes.DeveloperByActivity"
36-->src\main\AndroidManifest.xml:22:13-48
37            android:exported="false" />
37-->src\main\AndroidManifest.xml:23:13-37
38        <activity
38-->src\main\AndroidManifest.xml:24:9-26:40
39            android:name="com.example.aes.Contents.TrigActivity"
39-->src\main\AndroidManifest.xml:25:13-50
40            android:exported="false" />
40-->src\main\AndroidManifest.xml:26:13-37
41        <activity
41-->src\main\AndroidManifest.xml:27:9-29:39
42            android:name="com.example.aes.ViewListContents"
42-->src\main\AndroidManifest.xml:28:13-45
43            android:exported="true" />
43-->src\main\AndroidManifest.xml:29:13-36
44        <activity
44-->src\main\AndroidManifest.xml:30:9-32:40
45            android:name="com.example.aes.helplineCall"
45-->src\main\AndroidManifest.xml:31:13-41
46            android:exported="false" />
46-->src\main\AndroidManifest.xml:32:13-37
47        <activity
47-->src\main\AndroidManifest.xml:33:9-35:40
48            android:name="com.example.aes.Contents.AddRelative"
48-->src\main\AndroidManifest.xml:34:13-49
49            android:exported="false" />
49-->src\main\AndroidManifest.xml:35:13-37
50        <activity
50-->src\main\AndroidManifest.xml:36:9-38:40
51            android:name="com.example.aes.presetup.DashBoard"
51-->src\main\AndroidManifest.xml:37:13-47
52            android:exported="false" />
52-->src\main\AndroidManifest.xml:38:13-37
53        <activity
53-->src\main\AndroidManifest.xml:39:9-41:40
54            android:name="com.example.aes.presetup.ResetPassword"
54-->src\main\AndroidManifest.xml:40:13-51
55            android:exported="false" />
55-->src\main\AndroidManifest.xml:41:13-37
56        <activity
56-->src\main\AndroidManifest.xml:42:9-50:20
57            android:name="com.example.aes.presetup.SplashScreen"
57-->src\main\AndroidManifest.xml:43:13-50
58            android:exported="true" >
58-->src\main\AndroidManifest.xml:44:13-36
59            <intent-filter>
59-->src\main\AndroidManifest.xml:45:13-49:29
60                <action android:name="android.intent.action.MAIN" />
60-->src\main\AndroidManifest.xml:46:17-69
60-->src\main\AndroidManifest.xml:46:25-66
61
62                <category android:name="android.intent.category.LAUNCHER" />
62-->src\main\AndroidManifest.xml:48:17-77
62-->src\main\AndroidManifest.xml:48:27-74
63            </intent-filter>
64        </activity>
65        <activity android:name="com.example.aes.onBoard.MainActivity" />
65-->src\main\AndroidManifest.xml:51:9-58
65-->src\main\AndroidManifest.xml:51:19-55
66        <activity android:name="com.example.aes.onBoard.mainscreen" />
66-->src\main\AndroidManifest.xml:52:9-56
66-->src\main\AndroidManifest.xml:52:19-53
67        <activity android:name="com.example.aes.presetup.LoginActivity" />
67-->src\main\AndroidManifest.xml:53:9-60
67-->src\main\AndroidManifest.xml:53:19-57
68        <activity android:name="com.example.aes.presetup.SignupActivity" />
68-->src\main\AndroidManifest.xml:54:9-61
68-->src\main\AndroidManifest.xml:54:19-58
69        <activity
69-->[com.google.firebase:firebase-auth:21.0.1] AndroidManifest.xml:27:9-44:20
70            android:name="com.google.firebase.auth.internal.GenericIdpActivity"
70-->[com.google.firebase:firebase-auth:21.0.1] AndroidManifest.xml:28:13-80
71            android:excludeFromRecents="true"
71-->[com.google.firebase:firebase-auth:21.0.1] AndroidManifest.xml:29:13-46
72            android:exported="true"
72-->[com.google.firebase:firebase-auth:21.0.1] AndroidManifest.xml:30:13-36
73            android:launchMode="singleTask"
73-->[com.google.firebase:firebase-auth:21.0.1] AndroidManifest.xml:31:13-44
74            android:theme="@android:style/Theme.Translucent.NoTitleBar" >
74-->[com.google.firebase:firebase-auth:21.0.1] AndroidManifest.xml:32:13-72
75            <intent-filter>
75-->[com.google.firebase:firebase-auth:21.0.1] AndroidManifest.xml:33:13-43:29
76                <action android:name="android.intent.action.VIEW" />
76-->[com.google.firebase:firebase-auth:21.0.1] AndroidManifest.xml:34:17-69
76-->[com.google.firebase:firebase-auth:21.0.1] AndroidManifest.xml:34:25-66
77
78                <category android:name="android.intent.category.DEFAULT" />
78-->[com.google.firebase:firebase-auth:21.0.1] AndroidManifest.xml:36:17-76
78-->[com.google.firebase:firebase-auth:21.0.1] AndroidManifest.xml:36:27-73
79                <category android:name="android.intent.category.BROWSABLE" />
79-->[com.google.firebase:firebase-auth:21.0.1] AndroidManifest.xml:37:17-78
79-->[com.google.firebase:firebase-auth:21.0.1] AndroidManifest.xml:37:27-75
80
81                <data
81-->[com.google.firebase:firebase-auth:21.0.1] AndroidManifest.xml:39:17-42:51
82                    android:host="firebase.auth"
82-->[com.google.firebase:firebase-auth:21.0.1] AndroidManifest.xml:40:21-49
83                    android:path="/"
83-->[com.google.firebase:firebase-auth:21.0.1] AndroidManifest.xml:41:21-37
84                    android:scheme="genericidp" />
84-->[com.google.firebase:firebase-auth:21.0.1] AndroidManifest.xml:42:21-48
85            </intent-filter>
86        </activity>
87        <activity
87-->[com.google.firebase:firebase-auth:21.0.1] AndroidManifest.xml:45:9-62:20
88            android:name="com.google.firebase.auth.internal.RecaptchaActivity"
88-->[com.google.firebase:firebase-auth:21.0.1] AndroidManifest.xml:46:13-79
89            android:excludeFromRecents="true"
89-->[com.google.firebase:firebase-auth:21.0.1] AndroidManifest.xml:47:13-46
90            android:exported="true"
90-->[com.google.firebase:firebase-auth:21.0.1] AndroidManifest.xml:48:13-36
91            android:launchMode="singleTask"
91-->[com.google.firebase:firebase-auth:21.0.1] AndroidManifest.xml:49:13-44
92            android:theme="@android:style/Theme.Translucent.NoTitleBar" >
92-->[com.google.firebase:firebase-auth:21.0.1] AndroidManifest.xml:50:13-72
93            <intent-filter>
93-->[com.google.firebase:firebase-auth:21.0.1] AndroidManifest.xml:51:13-61:29
94                <action android:name="android.intent.action.VIEW" />
94-->[com.google.firebase:firebase-auth:21.0.1] AndroidManifest.xml:34:17-69
94-->[com.google.firebase:firebase-auth:21.0.1] AndroidManifest.xml:34:25-66
95
96                <category android:name="android.intent.category.DEFAULT" />
96-->[com.google.firebase:firebase-auth:21.0.1] AndroidManifest.xml:36:17-76
96-->[com.google.firebase:firebase-auth:21.0.1] AndroidManifest.xml:36:27-73
97                <category android:name="android.intent.category.BROWSABLE" />
97-->[com.google.firebase:firebase-auth:21.0.1] AndroidManifest.xml:37:17-78
97-->[com.google.firebase:firebase-auth:21.0.1] AndroidManifest.xml:37:27-75
98
99                <data
99-->[com.google.firebase:firebase-auth:21.0.1] AndroidManifest.xml:39:17-42:51
100                    android:host="firebase.auth"
100-->[com.google.firebase:firebase-auth:21.0.1] AndroidManifest.xml:40:21-49
101                    android:path="/"
101-->[com.google.firebase:firebase-auth:21.0.1] AndroidManifest.xml:41:21-37
102                    android:scheme="recaptcha" />
102-->[com.google.firebase:firebase-auth:21.0.1] AndroidManifest.xml:42:21-48
103            </intent-filter>
104        </activity>
105
106        <service
106-->[com.google.firebase:firebase-auth:21.0.1] AndroidManifest.xml:64:9-73:19
107            android:name="com.google.firebase.auth.api.fallback.service.FirebaseAuthFallbackService"
107-->[com.google.firebase:firebase-auth:21.0.1] AndroidManifest.xml:65:13-101
108            android:enabled="true"
108-->[com.google.firebase:firebase-auth:21.0.1] AndroidManifest.xml:66:13-35
109            android:exported="false" >
109-->[com.google.firebase:firebase-auth:21.0.1] AndroidManifest.xml:67:13-37
110            <intent-filter>
110-->[com.google.firebase:firebase-auth:21.0.1] AndroidManifest.xml:68:13-72:29
111                <action android:name="com.google.firebase.auth.api.gms.service.START" />
111-->[com.google.firebase:firebase-auth:21.0.1] AndroidManifest.xml:69:17-89
111-->[com.google.firebase:firebase-auth:21.0.1] AndroidManifest.xml:69:25-86
112
113                <category android:name="android.intent.category.DEFAULT" />
113-->[com.google.firebase:firebase-auth:21.0.1] AndroidManifest.xml:36:17-76
113-->[com.google.firebase:firebase-auth:21.0.1] AndroidManifest.xml:36:27-73
114            </intent-filter>
115        </service>
116        <service
116-->[com.google.firebase:firebase-auth:21.0.1] AndroidManifest.xml:74:9-80:19
117            android:name="com.google.firebase.components.ComponentDiscoveryService"
117-->[com.google.firebase:firebase-auth:21.0.1] AndroidManifest.xml:75:13-84
118            android:directBootAware="true"
118-->[com.google.firebase:firebase-common:20.0.0] AndroidManifest.xml:35:13-43
119            android:exported="false" >
119-->[com.google.firebase:firebase-auth:21.0.1] AndroidManifest.xml:76:13-37
120            <meta-data
120-->[com.google.firebase:firebase-auth:21.0.1] AndroidManifest.xml:77:13-79:85
121                android:name="com.google.firebase.components:com.google.firebase.auth.FirebaseAuthRegistrar"
121-->[com.google.firebase:firebase-auth:21.0.1] AndroidManifest.xml:78:17-109
122                android:value="com.google.firebase.components.ComponentRegistrar" />
122-->[com.google.firebase:firebase-auth:21.0.1] AndroidManifest.xml:79:17-82
123            <meta-data
123-->[com.google.android.gms:play-services-measurement-api:20.0.0] AndroidManifest.xml:30:13-32:85
124                android:name="com.google.firebase.components:com.google.firebase.analytics.connector.internal.AnalyticsConnectorRegistrar"
124-->[com.google.android.gms:play-services-measurement-api:20.0.0] AndroidManifest.xml:31:17-139
125                android:value="com.google.firebase.components.ComponentRegistrar" />
125-->[com.google.android.gms:play-services-measurement-api:20.0.0] AndroidManifest.xml:32:17-82
126            <meta-data
126-->[com.google.firebase:firebase-installations:17.0.0] AndroidManifest.xml:18:13-20:85
127                android:name="com.google.firebase.components:com.google.firebase.installations.FirebaseInstallationsRegistrar"
127-->[com.google.firebase:firebase-installations:17.0.0] AndroidManifest.xml:19:17-127
128                android:value="com.google.firebase.components.ComponentRegistrar" />
128-->[com.google.firebase:firebase-installations:17.0.0] AndroidManifest.xml:20:17-82
129        </service>
130
131        <provider
131-->[com.google.firebase:firebase-common:20.0.0] AndroidManifest.xml:26:9-31:39
132            android:name="com.google.firebase.provider.FirebaseInitProvider"
132-->[com.google.firebase:firebase-common:20.0.0] AndroidManifest.xml:27:13-77
133            android:authorities="com.example.aes.firebaseinitprovider"
133-->[com.google.firebase:firebase-common:20.0.0] AndroidManifest.xml:28:13-72
134            android:directBootAware="true"
134-->[com.google.firebase:firebase-common:20.0.0] AndroidManifest.xml:29:13-43
135            android:exported="false"
135-->[com.google.firebase:firebase-common:20.0.0] AndroidManifest.xml:30:13-37
136            android:initOrder="100" />
136-->[com.google.firebase:firebase-common:20.0.0] AndroidManifest.xml:31:13-36
137
138        <activity
138-->[com.google.android.gms:play-services-base:17.1.0] AndroidManifest.xml:23:9-26:75
139            android:name="com.google.android.gms.common.api.GoogleApiActivity"
139-->[com.google.android.gms:play-services-base:17.1.0] AndroidManifest.xml:24:13-79
140            android:exported="false"
140-->[com.google.android.gms:play-services-base:17.1.0] AndroidManifest.xml:25:13-37
141            android:theme="@android:style/Theme.Translucent.NoTitleBar" />
141-->[com.google.android.gms:play-services-base:17.1.0] AndroidManifest.xml:26:13-72
142
143        <receiver
143-->[com.google.android.gms:play-services-measurement:20.0.0] AndroidManifest.xml:29:9-33:20
144            android:name="com.google.android.gms.measurement.AppMeasurementReceiver"
144-->[com.google.android.gms:play-services-measurement:20.0.0] AndroidManifest.xml:30:13-85
145            android:enabled="true"
145-->[com.google.android.gms:play-services-measurement:20.0.0] AndroidManifest.xml:31:13-35
146            android:exported="false" >
146-->[com.google.android.gms:play-services-measurement:20.0.0] AndroidManifest.xml:32:13-37
147        </receiver>
148
149        <service
149-->[com.google.android.gms:play-services-measurement:20.0.0] AndroidManifest.xml:35:9-38:40
150            android:name="com.google.android.gms.measurement.AppMeasurementService"
150-->[com.google.android.gms:play-services-measurement:20.0.0] AndroidManifest.xml:36:13-84
151            android:enabled="true"
151-->[com.google.android.gms:play-services-measurement:20.0.0] AndroidManifest.xml:37:13-35
152            android:exported="false" />
152-->[com.google.android.gms:play-services-measurement:20.0.0] AndroidManifest.xml:38:13-37
153        <service
153-->[com.google.android.gms:play-services-measurement:20.0.0] AndroidManifest.xml:39:9-43:72
154            android:name="com.google.android.gms.measurement.AppMeasurementJobService"
154-->[com.google.android.gms:play-services-measurement:20.0.0] AndroidManifest.xml:40:13-87
155            android:enabled="true"
155-->[com.google.android.gms:play-services-measurement:20.0.0] AndroidManifest.xml:41:13-35
156            android:exported="false"
156-->[com.google.android.gms:play-services-measurement:20.0.0] AndroidManifest.xml:42:13-37
157            android:permission="android.permission.BIND_JOB_SERVICE" />
157-->[com.google.android.gms:play-services-measurement:20.0.0] AndroidManifest.xml:43:13-69
158
159        <meta-data
159-->[com.google.android.gms:play-services-basement:17.1.0] AndroidManifest.xml:23:9-25:69
160            android:name="com.google.android.gms.version"
160-->[com.google.android.gms:play-services-basement:17.1.0] AndroidManifest.xml:24:13-58
161            android:value="@integer/google_play_services_version" />
161-->[com.google.android.gms:play-services-basement:17.1.0] AndroidManifest.xml:25:13-66
162
163        <provider
163-->[androidx.emoji2:emoji2:1.0.0] AndroidManifest.xml:26:9-34:20
164            android:name="androidx.startup.InitializationProvider"
164-->[androidx.emoji2:emoji2:1.0.0] AndroidManifest.xml:27:13-67
165            android:authorities="com.example.aes.androidx-startup"
165-->[androidx.emoji2:emoji2:1.0.0] AndroidManifest.xml:28:13-68
166            android:exported="false" >
166-->[androidx.emoji2:emoji2:1.0.0] AndroidManifest.xml:29:13-37
167            <meta-data
167-->[androidx.emoji2:emoji2:1.0.0] AndroidManifest.xml:31:13-33:52
168                android:name="androidx.emoji2.text.EmojiCompatInitializer"
168-->[androidx.emoji2:emoji2:1.0.0] AndroidManifest.xml:32:17-75
169                android:value="androidx.startup" />
169-->[androidx.emoji2:emoji2:1.0.0] AndroidManifest.xml:33:17-49
170            <meta-data
170-->[androidx.lifecycle:lifecycle-process:2.4.0] AndroidManifest.xml:31:13-33:52
171                android:name="androidx.lifecycle.ProcessLifecycleInitializer"
171-->[androidx.lifecycle:lifecycle-process:2.4.0] AndroidManifest.xml:32:17-78
172                android:value="androidx.startup" />
172-->[androidx.lifecycle:lifecycle-process:2.4.0] AndroidManifest.xml:33:17-49
173        </provider>
174    </application>
175
176</manifest>